#
# There is insufficient memory for the Java Runtime Environment to continue.
# Native memory allocation (mmap) failed to map 266338304 bytes. Error detail: G1 virtual space
# Possible reasons:
#   The system is out of physical RAM or swap space
#   This process is running with CompressedOops enabled, and the Java Heap may be blocking the growth of the native heap
# Possible solutions:
#   Reduce memory load on the system
#   Increase physical memory or swap space
#   Check if swap backing store is full
#   Decrease Java heap size (-Xmx/-Xms)
#   Decrease number of Java threads
#   Decrease Java thread stack sizes (-Xss)
#   Set larger code cache with -XX:ReservedCodeCacheSize=
#   JVM is running with Zero Based Compressed Oops mode in which the Java heap is
#     placed in the first 32GB address space. The Java Heap base address is the
#     maximum limit for the native heap growth. Please use -XX:HeapBaseMinAddress
#     to set the Java Heap base and to place the Java Heap above 32GB virtual address.
# This output file may be truncated or incomplete.
#
#  Out of Memory Error (os_windows.cpp:3564), pid=23064, tid=23452
#
# JRE version:  (24.0.1+9) (build )
# Java VM: Java HotSpot(TM) 64-Bit Server VM (24.0.1+9-30, mixed mode, sharing, tiered, compressed oops, compressed class ptrs, g1 gc, windows-amd64)
# No core dump will be written. Minidumps are not enabled by default on client versions of Windows
#

---------------  S U M M A R Y ------------

Command Line: --enable-preview -XX:+ShowCodeDetailsInExceptionMessages TotalSale

Host: Intel(R) Celeron(R) N5095 @ 2.00GHz, 4 cores, 15G,  Windows 11 , 64 bit Build 26100 (10.0.26100.3912)
Time: Tue May 20 02:54:04 2025 Tokyo Standard Time elapsed time: 0.052495 seconds (0d 0h 0m 0s)

---------------  T H R E A D  ---------------

Current thread (0x000001ee8aadf830):  JavaThread "Unknown thread" [_thread_in_vm, id=23452, stack(0x0000007eb4200000,0x0000007eb4300000) (1024K)]

Stack: [0x0000007eb4200000,0x0000007eb4300000]
Native frames: (J=compiled Java code, j=interpreted, Vv=VM code, C=native code)
V  [jvm.dll+0x730739]  (no source info available)
V  [jvm.dll+0x8d9b23]  (no source info available)
V  [jvm.dll+0x8dc00d]  (no source info available)
V  [jvm.dll+0x8dc683]  (no source info available)
V  [jvm.dll+0x2aa086]  (no source info available)
V  [jvm.dll+0x72cc65]  (no source info available)
V  [jvm.dll+0x72059a]  (no source info available)
V  [jvm.dll+0x390cea]  (no source info available)
V  [jvm.dll+0x3989f6]  (no source info available)
V  [jvm.dll+0x38523e]  (no source info available)
V  [jvm.dll+0x3854f8]  (no source info available)
V  [jvm.dll+0x35d0cc]  (no source info available)
V  [jvm.dll+0x35dd8d]  (no source info available)
V  [jvm.dll+0x89d28f]  (no source info available)
V  [jvm.dll+0x3f985d]  (no source info available)
V  [jvm.dll+0x8858e6]  (no source info available)
V  [jvm.dll+0x495f3e]  (no source info available)
V  [jvm.dll+0x497d11]  (no source info available)
C  [jli.dll+0x52a1]  (no source info available)
C  [ucrtbase.dll+0x37b0]  (no source info available)
C  [KERNEL32.DLL+0x2e8d7]  (no source info available)
C  [ntdll.dll+0x9c5dc]  (no source info available)

Lock stack of current Java thread (top to bottom):


---------------  P R O C E S S  ---------------

Threads class SMR info:
_java_thread_list=0x00007ffc3939f318, length=0, elements={
}

Java Threads: ( => current thread )
Total: 0

Other Threads:
  0x000001ee8ce3dff0 WorkerThread "GC Thread#0"                     [id=23456, stack(0x0000007eb4300000,0x0000007eb4400000) (1024K)]
  0x000001ee8ce54b40 ConcurrentGCThread "G1 Main Marker"            [id=23400, stack(0x0000007eb4400000,0x0000007eb4500000) (1024K)]
  0x000001ee8ce55560 WorkerThread "G1 Conc#0"                       [id=20704, stack(0x0000007eb4500000,0x0000007eb4600000) (1024K)]

[error occurred during error reporting (printing all threads), id 0xc0000005, EXCEPTION_ACCESS_VIOLATION (0xc0000005) at pc=0x00007ffc38ad14ea]
VM state: not at safepoint (not fully initialized)

VM Mutex/Monitor currently owned by a thread:  ([mutex/lock_event])
[0x00007ffc394245b0] Heap_lock - owner thread: 0x000001ee8aadf830

Heap address: 0x0000000702600000, size: 4058 MB, Compressed Oops mode: Zero based, Oop shift amount: 3

CDS archive(s) mapped at: [0x0000000000000000-0x0000000000000000-0x0000000000000000), size 0, SharedBaseAddress: 0x0000000800000000, ArchiveRelocationMode: 1.
UseCompressedClassPointers 1, UseCompactObjectHeaders 0
Narrow klass pointer bits 32, Max shift 3
Narrow klass base: 0xffffffffffffffff, Narrow klass shift: -1
Encoding Range: [0xffffffffffffffff - 0x000000007fffffff), (2147483648 bytes)
Klass Range:    [0x0000000000000000 - 0x0000000000000000), (0 bytes)
Klass ID Range:  [4294967295 - 0) (1)

GC Precious Log:
 CardTable entry size: 512
 Card Set container configuration: InlinePtr #cards 4 size 8 Array Of Cards #cards 16 size 48 Howl #buckets 8 coarsen threshold 3686 Howl Bitmap #cards 512 size 80 coarsen threshold 460 Card regions per heap region 1 cards per card region 4096

Heap:
 garbage-first heap   total reserved 4155392K, committed 0K, used 0K [0x0000000702600000, 0x0000000800000000)
  region size 2048K, 0 young (0K), 0 survivors (0K)

[error occurred during error reporting (printing heap information), id 0xc0000005, EXCEPTION_ACCESS_VIOLATION (0xc0000005) at pc=0x00007ffc38eee3e9]
GC Heap History (0 events):
No events

Dll operation events (1 events):
Event: 0.023 Loaded shared library C:\Program Files\Java\jdk-24\bin\java.dll

Deoptimization events (0 events):
No events

Classes loaded (0 events):
No events

Classes unloaded (0 events):
No events

Classes redefined (0 events):
No events

Internal exceptions (0 events):
No events

VM Operations (0 events):
No events

Memory protections (0 events):
No events

Nmethod flushes (0 events):
No events

Events (0 events):
No events


Dynamic libraries:
0x00007ff637a20000 - 0x00007ff637a30000 	C:\Program Files\Java\jdk-24\bin\java.exe
0x00007ffcd3be0000 - 0x00007ffcd3e46000 	C:\WINDOWS\SYSTEM32\ntdll.dll
0x00007ffcd2e50000 - 0x00007ffcd2f19000 	C:\WINDOWS\System32\KERNEL32.DLL
0x00007ffcd0ef0000 - 0x00007ffcd12bc000 	C:\WINDOWS\System32\KERNELBASE.dll
0x00007ffcd12c0000 - 0x00007ffcd140b000 	C:\WINDOWS\System32\ucrtbase.dll
0x00007ffca9b00000 - 0x00007ffca9b1b000 	C:\Program Files\Java\jdk-24\bin\VCRUNTIME140.dll
0x00007ffcc1290000 - 0x00007ffcc12a6000 	C:\Program Files\Java\jdk-24\bin\jli.dll
0x00007ffcd3180000 - 0x00007ffcd334a000 	C:\WINDOWS\System32\USER32.dll
0x00007ffcbd980000 - 0x00007ffcbdc1a000 	C:\WINDOWS\WinSxS\amd64_microsoft.windows.common-controls_6595b64144ccf1df_6.0.26100.3912_none_3e07963ce335137e\COMCTL32.dll
0x00007ffcd1570000 - 0x00007ffcd1597000 	C:\WINDOWS\System32\win32u.dll
0x00007ffcd2d40000 - 0x00007ffcd2de9000 	C:\WINDOWS\System32\msvcrt.dll
0x00007ffcd2cf0000 - 0x00007ffcd2d1b000 	C:\WINDOWS\System32\GDI32.dll
0x00007ffcd1860000 - 0x00007ffcd1992000 	C:\WINDOWS\System32\gdi32full.dll
0x00007ffcd15a0000 - 0x00007ffcd1643000 	C:\WINDOWS\System32\msvcp_win.dll
0x00007ffcd2050000 - 0x00007ffcd2080000 	C:\WINDOWS\System32\IMM32.DLL
0x00007ffcc3e50000 - 0x00007ffcc3e5c000 	C:\Program Files\Java\jdk-24\bin\vcruntime140_1.dll
0x00007ffc58480000 - 0x00007ffc5850e000 	C:\Program Files\Java\jdk-24\bin\msvcp140.dll
0x00007ffc38760000 - 0x00007ffc39502000 	C:\Program Files\Java\jdk-24\bin\server\jvm.dll
0x00007ffcd2bc0000 - 0x00007ffcd2c72000 	C:\WINDOWS\System32\ADVAPI32.dll
0x00007ffcd3a70000 - 0x00007ffcd3b16000 	C:\WINDOWS\System32\sechost.dll
0x00007ffcd2f20000 - 0x00007ffcd3036000 	C:\WINDOWS\System32\RPCRT4.dll
0x00007ffcd19b0000 - 0x00007ffcd1a24000 	C:\WINDOWS\System32\WS2_32.dll
0x00007ffcd0bc0000 - 0x00007ffcd0c1e000 	C:\WINDOWS\SYSTEM32\POWRPROF.dll
0x00007ffcc2e60000 - 0x00007ffcc2e96000 	C:\WINDOWS\SYSTEM32\WINMM.dll
0x00007ffcc8e50000 - 0x00007ffcc8e5b000 	C:\WINDOWS\SYSTEM32\VERSION.dll
0x00007ffcd0ba0000 - 0x00007ffcd0bb4000 	C:\WINDOWS\SYSTEM32\UMPDC.dll
0x00007ffccfb00000 - 0x00007ffccfb1a000 	C:\WINDOWS\SYSTEM32\kernel.appcore.dll
0x00007ffcc1910000 - 0x00007ffcc191a000 	C:\Program Files\Java\jdk-24\bin\jimage.dll
0x00007ffcce6c0000 - 0x00007ffcce901000 	C:\WINDOWS\SYSTEM32\DBGHELP.DLL
0x00007ffcd3380000 - 0x00007ffcd3704000 	C:\WINDOWS\System32\combase.dll
0x00007ffcd3040000 - 0x00007ffcd3120000 	C:\WINDOWS\System32\OLEAUT32.dll
0x00007ffcb7710000 - 0x00007ffcb7749000 	C:\WINDOWS\SYSTEM32\dbgcore.DLL
0x00007ffcd1410000 - 0x00007ffcd14a9000 	C:\WINDOWS\System32\bcryptPrimitives.dll
0x00007ffca3e70000 - 0x00007ffca3e8e000 	C:\Program Files\Java\jdk-24\bin\java.dll
0x00007ffcd2a10000 - 0x00007ffcd2baf000 	C:\WINDOWS\System32\ole32.dll
0x00007ffcd22d0000 - 0x00007ffcd29fd000 	C:\WINDOWS\System32\SHELL32.dll
0x00007ffcd0d70000 - 0x00007ffcd0ee4000 	C:\WINDOWS\System32\wintypes.dll

JVMTI agents: none

dbghelp: loaded successfully - version: 4.0.5 - missing functions: none
symbol engine: initialized successfully - sym options: 0x614 - pdb path: .;C:\Program Files\Java\jdk-24\bin;C:\WINDOWS\SYSTEM32;C:\WINDOWS\WinSxS\amd64_microsoft.windows.common-controls_6595b64144ccf1df_6.0.26100.3912_none_3e07963ce335137e;C:\Program Files\Java\jdk-24\bin\server

VM Arguments:
jvm_args: --enable-preview -XX:+ShowCodeDetailsInExceptionMessages 
java_command: TotalSale
java_class_path (initial): C:\POS-Java\bin
Launcher Type: SUN_STANDARD

[Global flags]
     intx CICompilerCount                          = 3                                         {product} {ergonomic}
     uint ConcGCThreads                            = 1                                         {product} {ergonomic}
     uint G1ConcRefinementThreads                  = 4                                         {product} {ergonomic}
   size_t G1HeapRegionSize                         = 2097152                                   {product} {ergonomic}
   size_t InitialHeapSize                          = 266338304                                 {product} {ergonomic}
   size_t MarkStackSize                            = 4194304                                   {product} {ergonomic}
   size_t MarkStackSizeMax                         = 536870912                                 {product} {ergonomic}
   size_t MaxHeapSize                              = 4255121408                                {product} {ergonomic}
   size_t MinHeapDeltaBytes                        = 2097152                                   {product} {ergonomic}
   size_t MinHeapSize                              = 8388608                                   {product} {ergonomic}
    uintx NonNMethodCodeHeapSize                   = 5832704                                {pd product} {ergonomic}
    uintx NonProfiledCodeHeapSize                  = 122945536                              {pd product} {ergonomic}
    uintx ProfiledCodeHeapSize                     = 122880000                              {pd product} {ergonomic}
    uintx ReservedCodeCacheSize                    = 251658240                              {pd product} {ergonomic}
     bool SegmentedCodeCache                       = true                                      {product} {ergonomic}
     bool ShowCodeDetailsInExceptionMessages       = true                                   {manageable} {command line}
   size_t SoftMaxHeapSize                          = 4255121408                             {manageable} {ergonomic}
     bool UseCompressedOops                        = true                           {product lp64_product} {ergonomic}
     bool UseG1GC                                  = true                                      {product} {ergonomic}
     bool UseLargePagesIndividualAllocation        = false                                  {pd product} {ergonomic}

Logging:
Log output configuration:
 #0: stdout all=warning uptime,level,tags foldmultilines=false
 #1: stderr all=off uptime,level,tags foldmultilines=false

Environment Variables:
PATH=C:\Program Files\Common Files\Oracle\Java\javapath;C:\WINDOWS\system32;C:\WINDOWS;C:\WINDOWS\System32\Wbem;C:\WINDOWS\System32\WindowsPowerShell\v1.0\;C:\WINDOWS\System32\OpenSSH\;C:\Recovery\OEM\Backup\;C:\WINDOWS\system32;C:\WINDOWS;C:\WINDOWS\System32\Wbem;C:\WINDOWS\System32\WindowsPowerShell\v1.0\;C:\WINDOWS\System32\OpenSSH\;C:\Program Files\nodejs\;C:\Program Files\Git\cmd;C:\Program Files\MongoDB\Server\8.0\bin;C:\Users\Admin\AppData\Local\Microsoft\WindowsApps;C:\Users\Admin\AppData\Local\Programs\Microsoft VS Code\bin;C:\Program Files\JetBrains\PyCharm Community Edition 2024.2\bin;;C:\Users\Admin\AppData\Roaming\npm;C:\Users\Admin\AppData\Local\Microsoft\WinGet\Packages\Schniz.fnm_Microsoft.Winget.Source_8wekyb3d8bbwe
USERNAME=Admin
LANG=en_US.UTF-8
OS=Windows_NT
PROCESSOR_IDENTIFIER=Intel64 Family 6 Model 156 Stepping 0, GenuineIntel
TMP=C:\Users\Admin\AppData\Local\Temp
TEMP=C:\Users\Admin\AppData\Local\Temp




Periodic native trim disabled

---------------  S Y S T E M  ---------------

OS:
 Windows 11 , 64 bit Build 26100 (10.0.26100.3912)
OS uptime: 4 days 4:16 hours
Hyper-V role detected

CPU: total 4 (initial active 4) (4 cores per cpu, 1 threads per core) family 6 model 156 stepping 0 microcode 0x2400001e, cx8, cmov, fxsr, mmx, 3dnowpref, sse, sse2, sse3, ssse3, sse4.1, sse4.2, popcnt, tsc, tscinvbit, aes, erms, clmul, sha, clflush, clflushopt, clwb, hv, rdtscp, rdpid
Processor Information for the first 4 processors :
  Max Mhz: 2001, Current Mhz: 2001, Mhz Limit: 2001

Memory: 4k page, system-wide physical 16228M (4979M free)
TotalPageFile size 29028M (AvailPageFile size 138M)
current process WorkingSet (physical memory assigned to process): 13M, peak: 13M
current process commit charge ("private bytes"): 52M, peak: 306M

vm_info: Java HotSpot(TM) 64-Bit Server VM (24.0.1+9-30) for windows-amd64 JRE (24.0.1+9-30), built on 2025-03-05T07:23:45Z with MS VC++ 17.6 (VS2022)

END.
